0 verbose cli [
0 verbose cli   'C:\\Program Files\\nodejs\\node.exe',
0 verbose cli   'C:\\Program Files\\nodejs\\node_modules\\npm\\bin\\npm-cli.js',
0 verbose cli   'install',
0 verbose cli   '--no-audit',
0 verbose cli   '--save',
0 verbose cli   '@testing-library/jest-dom@^5.14.1',
0 verbose cli   '@testing-library/react@^13.0.0',
0 verbose cli   '@testing-library/user-event@^13.2.1',
0 verbose cli   'web-vitals@^2.1.0'
0 verbose cli ]
1 info using npm@8.5.5
2 info using node@v16.15.0
3 timing npm:load:whichnode Completed in 0ms
4 timing config:load:defaults Completed in 1ms
5 timing config:load:file:C:\Program Files\nodejs\node_modules\npm\npmrc Completed in 2ms
6 timing config:load:builtin Completed in 2ms
7 timing config:load:cli Completed in 2ms
8 timing config:load:env Completed in 1ms
9 timing config:load:file:C:\reactExercises\app\.npmrc Completed in 0ms
10 timing config:load:project Completed in 3ms
11 timing config:load:file:C:\Users\Forta Plano de Saúde\.npmrc Completed in 0ms
12 timing config:load:user Completed in 0ms
13 timing config:load:file:C:\Users\Forta Plano de Saúde\AppData\Roaming\npm\etc\npmrc Completed in 0ms
14 timing config:load:global Completed in 0ms
15 timing config:load:validate Completed in 0ms
16 timing config:load:credentials Completed in 0ms
17 timing config:load:setEnvs Completed in 1ms
18 timing config:load Completed in 11ms
19 timing npm:load:configload Completed in 11ms
20 timing npm:load:setTitle Completed in 1ms
21 timing config:load:flatten Completed in 2ms
22 timing npm:load:display Completed in 3ms
23 verbose logfile C:\reactExercises\app\tmpnodejsnpm-cache\_logs\2022-10-31T22_16_28_393Z-debug-0.log
24 timing npm:load:logFile Completed in 5ms
25 timing npm:load:timers Completed in 0ms
26 timing npm:load:configScope Completed in 0ms
27 timing npm:load Completed in 23ms
28 timing arborist:ctor Completed in 0ms
29 timing idealTree:init Completed in 598ms
30 timing idealTree:userRequests Completed in 2ms
31 silly idealTree buildDeps
32 silly fetch manifest @testing-library/jest-dom@^5.14.1
33 timing arborist:ctor Completed in 0ms
34 http fetch GET 200 https://registry.npmjs.org/@testing-library%2fjest-dom 531ms (cache miss)
35 silly fetch manifest @testing-library/react@^13.0.0
36 http fetch GET 200 https://registry.npmjs.org/@testing-library%2freact 312ms (cache miss)
37 silly fetch manifest react@^18.2.0
38 http fetch GET 200 https://registry.npmjs.org/react 10ms (cache hit)
39 silly fetch manifest react-dom@^18.2.0
40 http fetch GET 200 https://registry.npmjs.org/react-dom 8ms (cache hit)
41 silly fetch manifest @testing-library/user-event@^13.2.1
42 http fetch GET 200 https://registry.npmjs.org/@testing-library%2fuser-event 338ms (cache miss)
43 silly fetch manifest @testing-library/dom@>=7.21.4
44 http fetch GET 200 https://registry.npmjs.org/@testing-library%2fdom 315ms (cache miss)
45 silly fetch manifest web-vitals@^2.1.0
46 http fetch GET 200 https://registry.npmjs.org/web-vitals 38ms (cache miss)
47 silly placeDep ROOT @testing-library/jest-dom@5.16.5 OK for: app@0.1.0 want: ^5.14.1
48 silly placeDep ROOT @testing-library/react@13.4.0 OK for: app@0.1.0 want: ^13.0.0
49 silly placeDep ROOT @testing-library/user-event@13.5.0 OK for: app@0.1.0 want: ^13.2.1
50 silly placeDep ROOT @testing-library/dom@8.19.0 OK for: @testing-library/user-event@13.5.0 want: >=7.21.4
51 silly placeDep ROOT web-vitals@2.1.4 OK for: app@0.1.0 want: ^2.1.0
52 silly fetch manifest @types/testing-library__jest-dom@^5.9.1
53 silly fetch manifest aria-query@^5.0.0
54 silly fetch manifest chalk@^3.0.0
55 silly fetch manifest @adobe/css-tools@^4.0.1
56 silly fetch manifest css.escape@^1.5.1
57 silly fetch manifest dom-accessibility-api@^0.5.6
58 silly fetch manifest redent@^3.0.0
59 silly fetch manifest @types/react-dom@^18.0.0
60 silly fetch manifest @types/aria-query@^4.2.0
61 silly fetch manifest chalk@^4.1.0
62 silly fetch manifest dom-accessibility-api@^0.5.9
63 silly fetch manifest lz-string@^1.4.4
64 http fetch GET 200 https://registry.npmjs.org/aria-query 23ms (cache hit)
65 http fetch GET 200 https://registry.npmjs.org/chalk 24ms (cache hit)
66 http fetch GET 200 https://registry.npmjs.org/@types%2ftesting-library__jest-dom 92ms (cache miss)
67 http fetch GET 200 https://registry.npmjs.org/css.escape 93ms (cache miss)
68 http fetch GET 200 https://registry.npmjs.org/@types%2freact-dom 93ms (cache miss)
69 http fetch GET 200 https://registry.npmjs.org/redent 129ms (cache miss)
70 http fetch GET 200 https://registry.npmjs.org/dom-accessibility-api 255ms (cache miss)
71 http fetch GET 200 https://registry.npmjs.org/@adobe%2fcss-tools 487ms (cache miss)
72 http fetch GET 200 https://registry.npmjs.org/lz-string 1076ms (cache miss)
73 http fetch GET 200 https://registry.npmjs.org/@types%2faria-query 1115ms (cache miss)
74 timing idealTree:#root Completed in 2714ms
75 silly placeDep ROOT @types/aria-query@4.2.2 OK for: @testing-library/dom@8.19.0 want: ^4.2.0
76 silly placeDep node_modules/@testing-library/dom aria-query@5.1.3 OK for: @testing-library/dom@8.19.0 want: ^5.0.0
77 silly placeDep node_modules/@testing-library/dom chalk@4.1.2 OK for: @testing-library/dom@8.19.0 want: ^4.1.0
78 silly placeDep ROOT dom-accessibility-api@0.5.14 OK for: @testing-library/dom@8.19.0 want: ^0.5.9
79 silly placeDep ROOT lz-string@1.4.4 OK for: @testing-library/dom@8.19.0 want: ^1.4.4
80 silly fetch manifest deep-equal@^2.0.5
81 silly fetch manifest ansi-styles@^4.1.0
82 silly fetch manifest supports-color@^7.1.0
83 http fetch GET 200 https://registry.npmjs.org/ansi-styles 9ms (cache hit)
84 http fetch GET 200 https://registry.npmjs.org/supports-color 9ms (cache hit)
85 http fetch GET 200 https://registry.npmjs.org/deep-equal 56ms (cache miss)
86 timing idealTree:node_modules/@testing-library/dom Completed in 74ms
87 silly placeDep ROOT @adobe/css-tools@4.0.1 OK for: @testing-library/jest-dom@5.16.5 want: ^4.0.1
88 silly placeDep ROOT @types/testing-library__jest-dom@5.14.5 OK for: @testing-library/jest-dom@5.16.5 want: ^5.9.1
89 silly placeDep node_modules/@testing-library/jest-dom aria-query@5.1.3 OK for: @testing-library/jest-dom@5.16.5 want: ^5.0.0
90 silly placeDep node_modules/@testing-library/jest-dom chalk@3.0.0 OK for: @testing-library/jest-dom@5.16.5 want: ^3.0.0
91 silly placeDep ROOT css.escape@1.5.1 OK for: @testing-library/jest-dom@5.16.5 want: ^1.5.1
92 silly placeDep ROOT redent@3.0.0 OK for: @testing-library/jest-dom@5.16.5 want: ^3.0.0
93 silly fetch manifest @types/jest@*
94 silly fetch manifest indent-string@^4.0.0
95 silly fetch manifest strip-indent@^3.0.0
96 http fetch GET 200 https://registry.npmjs.org/indent-string 29ms (cache miss)
97 http fetch GET 200 https://registry.npmjs.org/strip-indent 42ms (cache miss)
98 http fetch GET 200 https://registry.npmjs.org/@types%2fjest 182ms (cache miss)
99 timing idealTree:node_modules/@testing-library/jest-dom Completed in 192ms
100 timing idealTree:node_modules/@adobe/css-tools Completed in 0ms
101 silly placeDep ROOT @types/react-dom@18.0.8 OK for: @testing-library/react@13.4.0 want: ^18.0.0
102 silly fetch manifest @types/react@*
103 http fetch GET 200 https://registry.npmjs.org/@types%2freact 127ms (cache miss)
104 timing idealTree:node_modules/@testing-library/react Completed in 137ms
105 timing idealTree:node_modules/@testing-library/user-event Completed in 0ms
106 timing idealTree:node_modules/@types/aria-query Completed in 0ms
107 silly placeDep ROOT @types/react@18.0.24 OK for: @types/react-dom@18.0.8 want: *
108 silly fetch manifest @types/prop-types@*
109 silly fetch manifest @types/scheduler@*
110 silly fetch manifest csstype@^3.0.2
111 http fetch GET 200 https://registry.npmjs.org/csstype 46ms (cache miss)
112 http fetch GET 200 https://registry.npmjs.org/@types%2fscheduler 69ms (cache miss)
113 http fetch GET 200 https://registry.npmjs.org/@types%2fprop-types 78ms (cache miss)
114 timing idealTree:node_modules/@types/react-dom Completed in 84ms
115 silly placeDep ROOT @types/prop-types@15.7.5 OK for: @types/react@18.0.24 want: *
116 silly placeDep ROOT @types/scheduler@0.16.2 OK for: @types/react@18.0.24 want: *
117 silly placeDep ROOT csstype@3.1.1 OK for: @types/react@18.0.24 want: ^3.0.2
118 timing idealTree:node_modules/@types/react Completed in 5ms
119 timing idealTree:node_modules/@types/prop-types Completed in 0ms
120 timing idealTree:node_modules/@types/scheduler Completed in 0ms
121 silly placeDep ROOT @types/jest@29.2.0 OK for: @types/testing-library__jest-dom@5.14.5 want: *
122 silly fetch manifest expect@^29.0.0
123 silly fetch manifest pretty-format@^29.0.0
124 http fetch GET 200 https://registry.npmjs.org/pretty-format 9ms (cache hit)
125 http fetch GET 200 https://registry.npmjs.org/expect 13ms (cache hit)
126 timing idealTree:node_modules/@types/testing-library__jest-dom Completed in 18ms
127 silly placeDep node_modules/@types/jest expect@29.2.2 OK for: @types/jest@29.2.0 want: ^29.0.0
128 silly placeDep node_modules/@types/jest pretty-format@29.2.1 OK for: @types/jest@29.2.0 want: ^29.0.0
129 silly fetch manifest @jest/expect-utils@^29.2.2
130 silly fetch manifest jest-get-type@^29.2.0
131 silly fetch manifest jest-matcher-utils@^29.2.2
132 silly fetch manifest jest-message-util@^29.2.1
133 silly fetch manifest jest-util@^29.2.1
134 silly fetch manifest @jest/schemas@^29.0.0
135 silly fetch manifest ansi-styles@^5.0.0
136 silly fetch manifest react-is@^18.0.0
137 http fetch GET 200 https://registry.npmjs.org/jest-get-type 14ms (cache hit)
138 http fetch GET 200 https://registry.npmjs.org/jest-matcher-utils 15ms (cache hit)
139 http fetch GET 200 https://registry.npmjs.org/jest-util 16ms (cache hit)
140 http fetch GET 200 https://registry.npmjs.org/react-is 20ms (cache hit)
141 http fetch GET 200 https://registry.npmjs.org/@jest%2fschemas 24ms (cache hit)
142 http fetch GET 200 https://registry.npmjs.org/jest-message-util 26ms (cache hit)
143 http fetch GET 200 https://registry.npmjs.org/@jest%2fexpect-utils 436ms (cache miss)
144 timing idealTree:node_modules/@types/jest Completed in 440ms
145 timing idealTree:node_modules/css.escape Completed in 0ms
146 timing idealTree:node_modules/csstype Completed in 0ms
147 timing idealTree:node_modules/dom-accessibility-api Completed in 0ms
148 timing idealTree:node_modules/lz-string Completed in 0ms
149 silly placeDep ROOT indent-string@4.0.0 OK for: redent@3.0.0 want: ^4.0.0
150 silly placeDep ROOT strip-indent@3.0.0 OK for: redent@3.0.0 want: ^3.0.0
151 silly fetch manifest min-indent@^1.0.0
152 http fetch GET 200 https://registry.npmjs.org/min-indent 49ms (cache miss)
153 timing idealTree:node_modules/redent Completed in 52ms
154 timing idealTree:node_modules/indent-string Completed in 0ms
155 silly placeDep ROOT min-indent@1.0.1 OK for: strip-indent@3.0.0 want: ^1.0.0
156 timing idealTree:node_modules/strip-indent Completed in 2ms
157 timing idealTree:node_modules/min-indent Completed in 0ms
158 timing idealTree:node_modules/web-vitals Completed in 0ms
159 silly placeDep ROOT deep-equal@2.0.5 OK for: aria-query@5.1.3 want: ^2.0.5
160 silly fetch manifest es-get-iterator@^1.1.1
161 silly fetch manifest is-arguments@^1.0.4
162 silly fetch manifest isarray@^2.0.5
163 silly fetch manifest object-is@^1.1.4
164 silly fetch manifest which-collection@^1.0.1
165 silly fetch manifest which-typed-array@^1.1.2
166 http fetch GET 200 https://registry.npmjs.org/isarray 12ms (cache hit)
167 http fetch GET 200 https://registry.npmjs.org/object-is 37ms (cache miss)
168 http fetch GET 200 https://registry.npmjs.org/is-arguments 59ms (cache miss)
169 http fetch GET 200 https://registry.npmjs.org/which-typed-array 95ms (cache miss)
170 http fetch GET 200 https://registry.npmjs.org/which-collection 96ms (cache miss)
171 http fetch GET 200 https://registry.npmjs.org/es-get-iterator 110ms (cache miss)
172 timing idealTree:node_modules/@testing-library/dom/node_modules/aria-query Completed in 114ms
173 silly placeDep ROOT es-get-iterator@1.1.2 OK for: deep-equal@2.0.5 want: ^1.1.1
174 silly placeDep ROOT is-arguments@1.1.1 OK for: deep-equal@2.0.5 want: ^1.0.4
175 silly placeDep node_modules/deep-equal isarray@2.0.5 OK for: deep-equal@2.0.5 want: ^2.0.5
176 silly placeDep ROOT object-is@1.1.5 OK for: deep-equal@2.0.5 want: ^1.1.4
177 silly placeDep ROOT which-collection@1.0.1 OK for: deep-equal@2.0.5 want: ^1.0.1
178 silly placeDep ROOT which-typed-array@1.1.8 OK for: deep-equal@2.0.5 want: ^1.1.2
179 silly fetch manifest is-map@^2.0.2
180 silly fetch manifest is-set@^2.0.2
181 silly fetch manifest is-map@^2.0.1
182 silly fetch manifest is-set@^2.0.1
183 silly fetch manifest is-weakmap@^2.0.1
184 silly fetch manifest is-weakset@^2.0.1
185 silly fetch manifest available-typed-arrays@^1.0.5
186 silly fetch manifest for-each@^0.3.3
187 silly fetch manifest is-typed-array@^1.1.9
188 http fetch GET 200 https://registry.npmjs.org/for-each 66ms (cache miss)
189 http fetch GET 200 https://registry.npmjs.org/is-set 85ms (cache miss)
190 http fetch GET 200 https://registry.npmjs.org/is-typed-array 102ms (cache miss)
191 http fetch GET 200 https://registry.npmjs.org/is-weakset 107ms (cache miss)
192 http fetch GET 200 https://registry.npmjs.org/available-typed-arrays 106ms (cache miss)
193 http fetch GET 200 https://registry.npmjs.org/is-map 128ms (cache miss)
194 http fetch GET 200 https://registry.npmjs.org/is-weakmap 127ms (cache miss)
195 timing idealTree:node_modules/deep-equal Completed in 136ms
196 silly placeDep ROOT is-map@2.0.2 OK for: es-get-iterator@1.1.2 want: ^2.0.2
197 silly placeDep ROOT is-set@2.0.2 OK for: es-get-iterator@1.1.2 want: ^2.0.2
198 silly placeDep node_modules/es-get-iterator isarray@2.0.5 OK for: es-get-iterator@1.1.2 want: ^2.0.5
199 timing idealTree:node_modules/es-get-iterator Completed in 4ms
200 timing idealTree:node_modules/is-arguments Completed in 0ms
201 timing idealTree:node_modules/is-map Completed in 1ms
202 timing idealTree:node_modules/is-set Completed in 0ms
203 timing idealTree:node_modules/object-is Completed in 0ms
204 silly placeDep ROOT is-weakmap@2.0.1 OK for: which-collection@1.0.1 want: ^2.0.1
205 silly placeDep ROOT is-weakset@2.0.2 OK for: which-collection@1.0.1 want: ^2.0.1
206 timing idealTree:node_modules/which-collection Completed in 3ms
207 timing idealTree:node_modules/is-weakmap Completed in 0ms
208 timing idealTree:node_modules/is-weakset Completed in 0ms
209 silly placeDep ROOT available-typed-arrays@1.0.5 OK for: which-typed-array@1.1.8 want: ^1.0.5
210 silly placeDep ROOT for-each@0.3.3 OK for: which-typed-array@1.1.8 want: ^0.3.3
211 silly placeDep ROOT is-typed-array@1.1.9 OK for: which-typed-array@1.1.8 want: ^1.1.9
212 timing idealTree:node_modules/which-typed-array Completed in 4ms
213 timing idealTree:node_modules/available-typed-arrays Completed in 1ms
214 timing idealTree:node_modules/for-each Completed in 0ms
215 timing idealTree:node_modules/is-typed-array Completed in 0ms
216 silly placeDep node_modules/@testing-library/dom ansi-styles@4.3.0 OK for: chalk@4.1.2 want: ^4.1.0
217 silly placeDep node_modules/@testing-library/dom supports-color@7.2.0 OK for: chalk@4.1.2 want: ^7.1.0
218 silly fetch manifest color-convert@^2.0.1
219 silly fetch manifest has-flag@^4.0.0
220 http fetch GET 200 https://registry.npmjs.org/color-convert 6ms (cache hit)
221 http fetch GET 200 https://registry.npmjs.org/has-flag 6ms (cache hit)
222 timing idealTree:node_modules/@testing-library/dom/node_modules/chalk Completed in 9ms
223 silly placeDep node_modules/@testing-library/dom color-convert@2.0.1 OK for: ansi-styles@4.3.0 want: ^2.0.1
224 silly fetch manifest color-name@~1.1.4
225 http fetch GET 200 https://registry.npmjs.org/color-name 6ms (cache hit)
226 timing idealTree:node_modules/@testing-library/dom/node_modules/ansi-styles Completed in 8ms
227 silly placeDep node_modules/@testing-library/dom color-name@1.1.4 OK for: color-convert@2.0.1 want: ~1.1.4
228 timing idealTree:node_modules/@testing-library/dom/node_modules/color-convert Completed in 2ms
229 timing idealTree:node_modules/@testing-library/dom/node_modules/color-name Completed in 0ms
230 silly placeDep node_modules/@testing-library/dom has-flag@4.0.0 OK for: supports-color@7.2.0 want: ^4.0.0
231 timing idealTree:node_modules/@testing-library/dom/node_modules/supports-color Completed in 1ms
232 timing idealTree:node_modules/@testing-library/dom/node_modules/has-flag Completed in 0ms
233 timing idealTree:node_modules/@testing-library/jest-dom/node_modules/aria-query Completed in 0ms
234 silly placeDep node_modules/@testing-library/jest-dom ansi-styles@4.3.0 OK for: chalk@3.0.0 want: ^4.1.0
235 silly placeDep node_modules/@testing-library/jest-dom supports-color@7.2.0 OK for: chalk@3.0.0 want: ^7.1.0
236 timing idealTree:node_modules/@testing-library/jest-dom/node_modules/chalk Completed in 2ms
237 silly placeDep node_modules/@testing-library/jest-dom color-convert@2.0.1 OK for: ansi-styles@4.3.0 want: ^2.0.1
238 timing idealTree:node_modules/@testing-library/jest-dom/node_modules/ansi-styles Completed in 1ms
239 silly placeDep node_modules/@testing-library/jest-dom color-name@1.1.4 OK for: color-convert@2.0.1 want: ~1.1.4
240 timing idealTree:node_modules/@testing-library/jest-dom/node_modules/color-convert Completed in 0ms
241 timing idealTree:node_modules/@testing-library/jest-dom/node_modules/color-name Completed in 0ms
242 silly placeDep node_modules/@testing-library/jest-dom has-flag@4.0.0 OK for: supports-color@7.2.0 want: ^4.0.0
243 timing idealTree:node_modules/@testing-library/jest-dom/node_modules/supports-color Completed in 1ms
244 timing idealTree:node_modules/@testing-library/jest-dom/node_modules/has-flag Completed in 0ms
245 silly placeDep ROOT @jest/expect-utils@29.2.2 OK for: expect@29.2.2 want: ^29.2.2
246 silly placeDep node_modules/@types/jest jest-get-type@29.2.0 OK for: expect@29.2.2 want: ^29.2.0
247 silly placeDep node_modules/@types/jest jest-matcher-utils@29.2.2 OK for: expect@29.2.2 want: ^29.2.2
248 silly placeDep node_modules/@types/jest jest-message-util@29.2.1 OK for: expect@29.2.2 want: ^29.2.1
249 silly placeDep node_modules/@types/jest jest-util@29.2.1 OK for: expect@29.2.2 want: ^29.2.1
250 silly fetch manifest chalk@^4.0.0
251 silly fetch manifest jest-diff@^29.2.1
252 silly fetch manifest @jest/types@^29.2.1
253 http fetch GET 200 https://registry.npmjs.org/jest-diff 6ms (cache hit)
254 http fetch GET 200 https://registry.npmjs.org/@jest%2ftypes 7ms (cache hit)
255 timing idealTree:node_modules/@types/jest/node_modules/expect Completed in 14ms
256 silly placeDep node_modules/@jest/expect-utils jest-get-type@29.2.0 OK for: @jest/expect-utils@29.2.2 want: ^29.2.0
257 timing idealTree:node_modules/@jest/expect-utils Completed in 1ms
258 timing idealTree:node_modules/@jest/expect-utils/node_modules/jest-get-type Completed in 0ms
259 timing idealTree:node_modules/@types/jest/node_modules/jest-get-type Completed in 0ms
260 silly placeDep node_modules/@types/jest chalk@4.1.2 OK for: jest-matcher-utils@29.2.2 want: ^4.0.0
261 silly placeDep node_modules/@types/jest jest-diff@29.2.1 OK for: jest-matcher-utils@29.2.2 want: ^29.2.1
262 silly fetch manifest diff-sequences@^29.2.0
263 http fetch GET 200 https://registry.npmjs.org/diff-sequences 4ms (cache hit)
264 timing idealTree:node_modules/@types/jest/node_modules/jest-matcher-utils Completed in 8ms
265 silly placeDep node_modules/@types/jest ansi-styles@4.3.0 OK for: chalk@4.1.2 want: ^4.1.0
266 silly placeDep node_modules/@types/jest supports-color@7.2.0 OK for: chalk@4.1.2 want: ^7.1.0
267 timing idealTree:node_modules/@types/jest/node_modules/chalk Completed in 1ms
268 silly placeDep node_modules/@types/jest color-convert@2.0.1 OK for: ansi-styles@4.3.0 want: ^2.0.1
269 timing idealTree:node_modules/@types/jest/node_modules/ansi-styles Completed in 1ms
270 silly placeDep node_modules/@types/jest color-name@1.1.4 OK for: color-convert@2.0.1 want: ~1.1.4
271 timing idealTree:node_modules/@types/jest/node_modules/color-convert Completed in 1ms
272 timing idealTree:node_modules/@types/jest/node_modules/color-name Completed in 0ms
273 silly placeDep node_modules/@types/jest diff-sequences@29.2.0 OK for: jest-diff@29.2.1 want: ^29.2.0
274 timing idealTree:node_modules/@types/jest/node_modules/jest-diff Completed in 0ms
275 timing idealTree:node_modules/@types/jest/node_modules/diff-sequences Completed in 0ms
276 silly placeDep node_modules/@types/jest @jest/types@29.2.1 OK for: jest-message-util@29.2.1 want: ^29.2.1
277 silly fetch manifest @types/yargs@^17.0.8
278 http fetch GET 200 https://registry.npmjs.org/@types%2fyargs 4ms (cache hit)
279 timing idealTree:node_modules/@types/jest/node_modules/jest-message-util Completed in 6ms
280 silly placeDep node_modules/@types/jest @jest/schemas@29.0.0 OK for: @jest/types@29.2.1 want: ^29.0.0
281 silly placeDep node_modules/@types/jest @types/yargs@17.0.13 OK for: @jest/types@29.2.1 want: ^17.0.8
282 timing idealTree:node_modules/@types/jest/node_modules/@jest/types Completed in 2ms
283 timing idealTree:node_modules/@types/jest/node_modules/@jest/schemas Completed in 0ms
284 timing idealTree:node_modules/@types/jest/node_modules/@types/yargs Completed in 0ms
285 timing idealTree:node_modules/@types/jest/node_modules/jest-util Completed in 0ms
286 silly placeDep node_modules/@types/jest/node_modules/pretty-format ansi-styles@5.2.0 OK for: pretty-format@29.2.1 want: ^5.0.0
287 silly placeDep node_modules/@types/jest react-is@18.2.0 OK for: pretty-format@29.2.1 want: ^18.0.0
288 timing idealTree:node_modules/@types/jest/node_modules/pretty-format Completed in 1ms
289 timing idealTree:node_modules/@types/jest/node_modules/react-is Completed in 0ms
290 silly placeDep node_modules/@types/jest has-flag@4.0.0 OK for: supports-color@7.2.0 want: ^4.0.0
291 timing idealTree:node_modules/@types/jest/node_modules/supports-color Completed in 1ms
292 timing idealTree:node_modules/@types/jest/node_modules/has-flag Completed in 0ms
293 timing idealTree:node_modules/deep-equal/node_modules/isarray Completed in 0ms
294 timing idealTree:node_modules/es-get-iterator/node_modules/isarray Completed in 0ms
295 timing idealTree:node_modules/@types/jest/node_modules/pretty-format/node_modules/ansi-styles Completed in 0ms
296 timing idealTree:buildDeps Completed in 4047ms
297 timing idealTree:fixDepFlags Completed in 15ms
298 timing idealTree Completed in 4673ms
299 timing reify:loadTrees Completed in 4673ms
300 timing reify:diffTrees Completed in 29ms
301 silly reify moves {}
302 timing reify:retireShallow Completed in 0ms
303 timing reify:createSparse Completed in 25ms
304 timing reify:loadBundles Completed in 0ms
305 verbose reify failed optional dependency C:\reactExercises\app\node_modules\fsevents
306 silly reify mark deleted [ 'C:\\reactExercises\\app\\node_modules\\fsevents' ]
307 timing reifyNode:node_modules/fsevents Completed in 5ms
308 silly tarball no local data for is-typed-array@https://registry.npmjs.org/is-typed-array/-/is-typed-array-1.1.9.tgz. Extracting by manifest.
309 silly tarball no local data for @jest/expect-utils@https://registry.npmjs.org/@jest/expect-utils/-/expect-utils-29.2.2.tgz. Extracting by manifest.
310 silly tarball no local data for available-typed-arrays@https://registry.npmjs.org/available-typed-arrays/-/available-typed-arrays-1.0.5.tgz. Extracting by manifest.
311 silly tarball no local data for for-each@https://registry.npmjs.org/for-each/-/for-each-0.3.3.tgz. Extracting by manifest.
312 silly tarball no local data for is-weakmap@https://registry.npmjs.org/is-weakmap/-/is-weakmap-2.0.1.tgz. Extracting by manifest.
313 silly tarball no local data for is-weakset@https://registry.npmjs.org/is-weakset/-/is-weakset-2.0.2.tgz. Extracting by manifest.
314 silly tarball no local data for is-set@https://registry.npmjs.org/is-set/-/is-set-2.0.2.tgz. Extracting by manifest.
315 silly tarball no local data for is-map@https://registry.npmjs.org/is-map/-/is-map-2.0.2.tgz. Extracting by manifest.
316 silly tarball no local data for which-typed-array@https://registry.npmjs.org/which-typed-array/-/which-typed-array-1.1.8.tgz. Extracting by manifest.
317 silly tarball no local data for which-collection@https://registry.npmjs.org/which-collection/-/which-collection-1.0.1.tgz. Extracting by manifest.
318 silly tarball no local data for object-is@https://registry.npmjs.org/object-is/-/object-is-1.1.5.tgz. Extracting by manifest.
319 silly tarball no local data for is-arguments@https://registry.npmjs.org/is-arguments/-/is-arguments-1.1.1.tgz. Extracting by manifest.
320 silly tarball no local data for es-get-iterator@https://registry.npmjs.org/es-get-iterator/-/es-get-iterator-1.1.2.tgz. Extracting by manifest.
321 silly tarball no local data for deep-equal@https://registry.npmjs.org/deep-equal/-/deep-equal-2.0.5.tgz. Extracting by manifest.
322 silly tarball no local data for @types/jest@https://registry.npmjs.org/@types/jest/-/jest-29.2.0.tgz. Extracting by manifest.
323 silly tarball no local data for @types/scheduler@https://registry.npmjs.org/@types/scheduler/-/scheduler-0.16.2.tgz. Extracting by manifest.
324 silly tarball no local data for indent-string@https://registry.npmjs.org/indent-string/-/indent-string-4.0.0.tgz. Extracting by manifest.
325 silly tarball no local data for @types/prop-types@https://registry.npmjs.org/@types/prop-types/-/prop-types-15.7.5.tgz. Extracting by manifest.
326 silly tarball no local data for min-indent@https://registry.npmjs.org/min-indent/-/min-indent-1.0.1.tgz. Extracting by manifest.
327 silly tarball no local data for @types/react@https://registry.npmjs.org/@types/react/-/react-18.0.24.tgz. Extracting by manifest.
328 silly tarball no local data for @types/react-dom@https://registry.npmjs.org/@types/react-dom/-/react-dom-18.0.8.tgz. Extracting by manifest.
329 silly tarball no local data for strip-indent@https://registry.npmjs.org/strip-indent/-/strip-indent-3.0.0.tgz. Extracting by manifest.
330 silly tarball no local data for @adobe/css-tools@https://registry.npmjs.org/@adobe/css-tools/-/css-tools-4.0.1.tgz. Extracting by manifest.
331 silly tarball no local data for @types/testing-library__jest-dom@https://registry.npmjs.org/@types/testing-library__jest-dom/-/testing-library__jest-dom-5.14.5.tgz. Extracting by manifest.
332 silly tarball no local data for csstype@https://registry.npmjs.org/csstype/-/csstype-3.1.1.tgz. Extracting by manifest.
333 silly tarball no local data for @types/aria-query@https://registry.npmjs.org/@types/aria-query/-/aria-query-4.2.2.tgz. Extracting by manifest.
334 silly tarball no local data for redent@https://registry.npmjs.org/redent/-/redent-3.0.0.tgz. Extracting by manifest.
335 silly tarball no local data for css.escape@https://registry.npmjs.org/css.escape/-/css.escape-1.5.1.tgz. Extracting by manifest.
336 silly tarball no local data for @testing-library/dom@https://registry.npmjs.org/@testing-library/dom/-/dom-8.19.0.tgz. Extracting by manifest.
337 silly tarball no local data for @testing-library/user-event@https://registry.npmjs.org/@testing-library/user-event/-/user-event-13.5.0.tgz. Extracting by manifest.
338 silly tarball no local data for dom-accessibility-api@https://registry.npmjs.org/dom-accessibility-api/-/dom-accessibility-api-0.5.14.tgz. Extracting by manifest.
339 silly tarball no local data for @testing-library/react@https://registry.npmjs.org/@testing-library/react/-/react-13.4.0.tgz. Extracting by manifest.
340 silly tarball no local data for @testing-library/jest-dom@https://registry.npmjs.org/@testing-library/jest-dom/-/jest-dom-5.16.5.tgz. Extracting by manifest.
341 silly tarball no local data for isarray@https://registry.npmjs.org/isarray/-/isarray-2.0.5.tgz. Extracting by manifest.
342 silly tarball no local data for lz-string@https://registry.npmjs.org/lz-string/-/lz-string-1.4.4.tgz. Extracting by manifest.
343 silly tarball no local data for jest-get-type@https://registry.npmjs.org/jest-get-type/-/jest-get-type-29.2.0.tgz. Extracting by manifest.
344 silly tarball no local data for isarray@https://registry.npmjs.org/isarray/-/isarray-2.0.5.tgz. Extracting by manifest.
345 silly tarball no local data for web-vitals@https://registry.npmjs.org/web-vitals/-/web-vitals-2.1.4.tgz. Extracting by manifest.
346 silly tarball no local data for @jest/schemas@https://registry.npmjs.org/@jest/schemas/-/schemas-29.0.0.tgz. Extracting by manifest.
347 silly tarball no local data for @jest/types@https://registry.npmjs.org/@jest/types/-/types-29.2.1.tgz. Extracting by manifest.
348 silly tarball no local data for diff-sequences@https://registry.npmjs.org/diff-sequences/-/diff-sequences-29.2.0.tgz. Extracting by manifest.
349 silly tarball no local data for jest-diff@https://registry.npmjs.org/jest-diff/-/jest-diff-29.2.1.tgz. Extracting by manifest.
350 silly tarball no local data for jest-util@https://registry.npmjs.org/jest-util/-/jest-util-29.2.1.tgz. Extracting by manifest.
351 silly tarball no local data for jest-message-util@https://registry.npmjs.org/jest-message-util/-/jest-message-util-29.2.1.tgz. Extracting by manifest.
352 silly tarball no local data for jest-matcher-utils@https://registry.npmjs.org/jest-matcher-utils/-/jest-matcher-utils-29.2.2.tgz. Extracting by manifest.
353 silly tarball no local data for jest-get-type@https://registry.npmjs.org/jest-get-type/-/jest-get-type-29.2.0.tgz. Extracting by manifest.
354 silly tarball no local data for expect@https://registry.npmjs.org/expect/-/expect-29.2.2.tgz. Extracting by manifest.
355 silly tarball no local data for pretty-format@https://registry.npmjs.org/pretty-format/-/pretty-format-29.2.1.tgz. Extracting by manifest.
356 silly tarball no local data for aria-query@https://registry.npmjs.org/aria-query/-/aria-query-5.1.3.tgz. Extracting by manifest.
357 silly tarball no local data for chalk@https://registry.npmjs.org/chalk/-/chalk-3.0.0.tgz. Extracting by manifest.
358 silly tarball no local data for aria-query@https://registry.npmjs.org/aria-query/-/aria-query-5.1.3.tgz. Extracting by manifest.
359 timing reifyNode:node_modules/@types/jest/node_modules/color-name Completed in 278ms
360 timing reifyNode:node_modules/@testing-library/dom/node_modules/color-name Completed in 276ms
361 timing reifyNode:node_modules/@testing-library/jest-dom/node_modules/color-name Completed in 276ms
362 http fetch GET 200 https://registry.npmjs.org/is-map/-/is-map-2.0.2.tgz 240ms (cache miss)
363 timing reifyNode:node_modules/@types/jest/node_modules/has-flag Completed in 290ms
364 timing reifyNode:node_modules/@types/jest/node_modules/supports-color Completed in 294ms
365 timing reifyNode:node_modules/@testing-library/dom/node_modules/has-flag Completed in 292ms
366 timing reifyNode:node_modules/@testing-library/dom/node_modules/supports-color Completed in 292ms
367 timing reifyNode:node_modules/@testing-library/jest-dom/node_modules/has-flag Completed in 292ms
368 timing reifyNode:node_modules/@testing-library/jest-dom/node_modules/supports-color Completed in 293ms
369 timing reifyNode:node_modules/@types/jest/node_modules/ansi-styles Completed in 299ms
370 timing reifyNode:node_modules/@types/jest/node_modules/pretty-format/node_modules/ansi-styles Completed in 299ms
371 timing reifyNode:node_modules/@testing-library/jest-dom/node_modules/ansi-styles Completed in 297ms
372 timing reifyNode:node_modules/@testing-library/dom/node_modules/ansi-styles Completed in 298ms
373 timing reifyNode:node_modules/@testing-library/jest-dom/node_modules/color-convert Completed in 316ms
374 timing reifyNode:node_modules/@testing-library/dom/node_modules/color-convert Completed in 317ms
375 timing reifyNode:node_modules/@types/jest/node_modules/chalk Completed in 319ms
376 timing reifyNode:node_modules/@testing-library/dom/node_modules/chalk Completed in 319ms
377 timing reifyNode:node_modules/@types/jest/node_modules/react-is Completed in 324ms
378 http fetch GET 200 https://registry.npmjs.org/min-indent/-/min-indent-1.0.1.tgz 248ms (cache miss)
379 timing reifyNode:node_modules/@types/jest/node_modules/color-convert Completed in 326ms
380 http fetch GET 200 https://registry.npmjs.org/indent-string/-/indent-string-4.0.0.tgz 259ms (cache miss)
381 timing reifyNode:node_modules/min-indent Completed in 329ms
382 http fetch GET 200 https://registry.npmjs.org/strip-indent/-/strip-indent-3.0.0.tgz 252ms (cache miss)
383 timing reifyNode:node_modules/indent-string Completed in 338ms
384 timing reifyNode:node_modules/@types/jest/node_modules/@types/yargs Completed in 341ms
385 timing reifyNode:node_modules/strip-indent Completed in 342ms
386 timing reifyNode:node_modules/is-map Completed in 360ms
387 http fetch GET 200 https://registry.npmjs.org/is-typed-array/-/is-typed-array-1.1.9.tgz 343ms (cache miss)
388 timing reifyNode:node_modules/is-typed-array Completed in 368ms
389 http fetch GET 200 https://registry.npmjs.org/@types/scheduler/-/scheduler-0.16.2.tgz 304ms (cache miss)
390 timing reifyNode:node_modules/@types/scheduler Completed in 371ms
391 http fetch GET 200 https://registry.npmjs.org/available-typed-arrays/-/available-typed-arrays-1.0.5.tgz 348ms (cache miss)
392 timing reifyNode:node_modules/available-typed-arrays Completed in 378ms
393 http fetch GET 200 https://registry.npmjs.org/is-weakmap/-/is-weakmap-2.0.1.tgz 352ms (cache miss)
394 timing reifyNode:node_modules/is-weakmap Completed in 388ms
395 http fetch GET 200 https://registry.npmjs.org/which-collection/-/which-collection-1.0.1.tgz 345ms (cache miss)
396 timing reifyNode:node_modules/which-collection Completed in 398ms
397 http fetch GET 200 https://registry.npmjs.org/@jest/expect-utils/-/expect-utils-29.2.2.tgz 380ms (cache miss)
398 http fetch GET 200 https://registry.npmjs.org/is-set/-/is-set-2.0.2.tgz 397ms (cache miss)
399 timing reifyNode:node_modules/is-set Completed in 438ms
400 http fetch GET 200 https://registry.npmjs.org/is-arguments/-/is-arguments-1.1.1.tgz 403ms (cache miss)
401 timing reifyNode:node_modules/is-arguments Completed in 458ms
402 http fetch GET 200 https://registry.npmjs.org/css.escape/-/css.escape-1.5.1.tgz 357ms (cache miss)
403 timing reifyNode:node_modules/css.escape Completed in 462ms
404 http fetch GET 200 https://registry.npmjs.org/which-typed-array/-/which-typed-array-1.1.8.tgz 430ms (cache miss)
405 timing reifyNode:node_modules/which-typed-array Completed in 476ms
406 http fetch GET 200 https://registry.npmjs.org/is-weakset/-/is-weakset-2.0.2.tgz 440ms (cache miss)
407 timing reifyNode:node_modules/is-weakset Completed in 479ms
408 http fetch GET 200 https://registry.npmjs.org/isarray/-/isarray-2.0.5.tgz 363ms (cache miss)
409 timing reifyNode:node_modules/deep-equal/node_modules/isarray Completed in 497ms
410 http fetch GET 200 https://registry.npmjs.org/@types/aria-query/-/aria-query-4.2.2.tgz 410ms (cache miss)
411 timing reifyNode:node_modules/@types/aria-query Completed in 506ms
412 http fetch GET 200 https://registry.npmjs.org/redent/-/redent-3.0.0.tgz 423ms (cache miss)
413 timing reifyNode:node_modules/redent Completed in 523ms
414 http fetch GET 200 https://registry.npmjs.org/isarray/-/isarray-2.0.5.tgz 406ms (cache miss)
415 timing reifyNode:node_modules/es-get-iterator/node_modules/isarray Completed in 530ms
416 timing reifyNode:node_modules/@jest/expect-utils Completed in 536ms
417 http fetch GET 200 https://registry.npmjs.org/jest-get-type/-/jest-get-type-29.2.0.tgz 410ms (cache miss)
418 timing reifyNode:node_modules/@jest/expect-utils/node_modules/jest-get-type Completed in 540ms
419 http fetch GET 200 https://registry.npmjs.org/jest-util/-/jest-util-29.2.1.tgz 390ms (cache miss)
420 http fetch GET 200 https://registry.npmjs.org/jest-get-type/-/jest-get-type-29.2.0.tgz 388ms (cache miss)
421 timing reifyNode:node_modules/@types/jest/node_modules/jest-get-type Completed in 552ms
422 http fetch GET 200 https://registry.npmjs.org/@jest/schemas/-/schemas-29.0.0.tgz 417ms (cache miss)
423 http fetch GET 200 https://registry.npmjs.org/es-get-iterator/-/es-get-iterator-1.1.2.tgz 503ms (cache miss)
424 timing reifyNode:node_modules/es-get-iterator Completed in 561ms
425 http fetch GET 200 https://registry.npmjs.org/chalk/-/chalk-3.0.0.tgz 388ms (cache miss)
426 http fetch GET 200 https://registry.npmjs.org/pretty-format/-/pretty-format-29.2.1.tgz 400ms (cache miss)
427 timing reifyNode:node_modules/@types/jest/node_modules/@jest/schemas Completed in 573ms
428 http fetch GET 200 https://registry.npmjs.org/for-each/-/for-each-0.3.3.tgz 545ms (cache miss)
429 timing reifyNode:node_modules/for-each Completed in 577ms
430 http fetch GET 200 https://registry.npmjs.org/object-is/-/object-is-1.1.5.tgz 527ms (cache miss)
431 timing reifyNode:node_modules/object-is Completed in 580ms
432 http fetch GET 200 https://registry.npmjs.org/diff-sequences/-/diff-sequences-29.2.0.tgz 441ms (cache miss)
433 timing reifyNode:node_modules/@types/jest/node_modules/diff-sequences Completed in 585ms
434 http fetch GET 200 https://registry.npmjs.org/@types/react-dom/-/react-dom-18.0.8.tgz 511ms (cache miss)
435 timing reifyNode:node_modules/@types/react-dom Completed in 593ms
436 http fetch GET 200 https://registry.npmjs.org/jest-message-util/-/jest-message-util-29.2.1.tgz 444ms (cache miss)
437 timing reifyNode:node_modules/@types/jest/node_modules/jest-message-util Completed in 598ms
438 timing reifyNode:node_modules/@testing-library/jest-dom/node_modules/chalk Completed in 598ms
439 http fetch GET 200 https://registry.npmjs.org/deep-equal/-/deep-equal-2.0.5.tgz 543ms (cache miss)
440 timing reifyNode:node_modules/deep-equal Completed in 606ms
441 http fetch GET 200 https://registry.npmjs.org/@types/react/-/react-18.0.24.tgz 530ms (cache miss)
442 timing reifyNode:node_modules/@types/react Completed in 609ms
443 http fetch GET 200 https://registry.npmjs.org/jest-matcher-utils/-/jest-matcher-utils-29.2.2.tgz 464ms (cache miss)
444 timing reifyNode:node_modules/@types/jest/node_modules/jest-matcher-utils Completed in 621ms
445 http fetch GET 200 https://registry.npmjs.org/@adobe/css-tools/-/css-tools-4.0.1.tgz 555ms (cache miss)
446 timing reifyNode:node_modules/@adobe/css-tools Completed in 644ms
447 http fetch GET 200 https://registry.npmjs.org/jest-diff/-/jest-diff-29.2.1.tgz 500ms (cache miss)
448 timing reifyNode:node_modules/@types/jest/node_modules/jest-diff Completed in 650ms
449 timing reifyNode:node_modules/@types/jest/node_modules/pretty-format Completed in 654ms
450 http fetch GET 200 https://registry.npmjs.org/expect/-/expect-29.2.2.tgz 494ms (cache miss)
451 timing reifyNode:node_modules/@types/jest/node_modules/expect Completed in 658ms
452 http fetch GET 200 https://registry.npmjs.org/lz-string/-/lz-string-1.4.4.tgz 544ms (cache miss)
453 timing reifyNode:node_modules/lz-string Completed in 668ms
454 timing reifyNode:node_modules/@types/jest/node_modules/jest-util Completed in 670ms
455 http fetch GET 200 https://registry.npmjs.org/csstype/-/csstype-3.1.1.tgz 579ms (cache miss)
456 timing reifyNode:node_modules/csstype Completed in 673ms
457 http fetch GET 200 https://registry.npmjs.org/dom-accessibility-api/-/dom-accessibility-api-0.5.14.tgz 633ms (cache miss)
458 timing reifyNode:node_modules/dom-accessibility-api Completed in 746ms
459 http fetch GET 200 https://registry.npmjs.org/web-vitals/-/web-vitals-2.1.4.tgz 619ms (cache miss)
460 timing reifyNode:node_modules/web-vitals Completed in 753ms
461 http fetch GET 200 https://registry.npmjs.org/@testing-library/react/-/react-13.4.0.tgz 667ms (cache miss)
462 timing reifyNode:node_modules/@testing-library/react Completed in 782ms
463 http fetch GET 200 https://registry.npmjs.org/@testing-library/dom/-/dom-8.19.0.tgz 683ms (cache miss)
464 timing reifyNode:node_modules/@testing-library/dom Completed in 790ms
465 http fetch GET 200 https://registry.npmjs.org/@testing-library/user-event/-/user-event-13.5.0.tgz 700ms (cache miss)
466 timing reifyNode:node_modules/@testing-library/user-event Completed in 812ms
467 http fetch GET 200 https://registry.npmjs.org/aria-query/-/aria-query-5.1.3.tgz 678ms (cache miss)
468 timing reifyNode:node_modules/@testing-library/jest-dom/node_modules/aria-query Completed in 846ms
469 http fetch GET 200 https://registry.npmjs.org/aria-query/-/aria-query-5.1.3.tgz 672ms (cache miss)
470 timing reifyNode:node_modules/@testing-library/dom/node_modules/aria-query Completed in 849ms
471 http fetch GET 200 https://registry.npmjs.org/@types/prop-types/-/prop-types-15.7.5.tgz 1104ms (cache miss)
472 timing reifyNode:node_modules/@types/prop-types Completed in 1179ms
473 http fetch GET 200 https://registry.npmjs.org/@types/testing-library__jest-dom/-/testing-library__jest-dom-5.14.5.tgz 1124ms (cache miss)
474 timing reifyNode:node_modules/@types/testing-library__jest-dom Completed in 1216ms
475 http fetch GET 200 https://registry.npmjs.org/@types/jest/-/jest-29.2.0.tgz 1166ms (cache miss)
476 timing reifyNode:node_modules/@types/jest Completed in 1241ms
477 http fetch GET 200 https://registry.npmjs.org/@jest/types/-/types-29.2.1.tgz 1246ms (cache miss)
478 timing reifyNode:node_modules/@types/jest/node_modules/@jest/types Completed in 1387ms
479 http fetch GET 200 https://registry.npmjs.org/@testing-library/jest-dom/-/jest-dom-5.16.5.tgz 1298ms (cache miss)
480 timing reifyNode:node_modules/@testing-library/jest-dom Completed in 1418ms
481 timing reify:unpack Completed in 1421ms
482 timing reify:unretire Completed in 0ms
483 timing build:queue Completed in 3ms
484 timing build:link:node_modules/lz-string Completed in 6ms
485 timing build:link Completed in 6ms
486 timing build:deps Completed in 10ms
487 timing build Completed in 10ms
488 timing reify:build Completed in 11ms
489 timing reify:trash Completed in 1ms
490 timing reify:save Completed in 177ms
491 timing reify Completed in 6391ms
492 silly ADD node_modules/@jest/expect-utils
493 silly ADD node_modules/@jest/expect-utils/node_modules/jest-get-type
494 silly ADD node_modules/is-typed-array
495 silly ADD node_modules/for-each
496 silly ADD node_modules/available-typed-arrays
497 silly ADD node_modules/is-weakset
498 silly ADD node_modules/is-weakmap
499 silly ADD node_modules/is-set
500 silly ADD node_modules/is-map
501 silly ADD node_modules/which-typed-array
502 silly ADD node_modules/which-collection
503 silly ADD node_modules/object-is
504 silly ADD node_modules/is-arguments
505 silly ADD node_modules/es-get-iterator
506 silly ADD node_modules/es-get-iterator/node_modules/isarray
507 silly ADD node_modules/deep-equal
508 silly ADD node_modules/deep-equal/node_modules/isarray
509 silly ADD node_modules/min-indent
510 silly ADD node_modules/strip-indent
511 silly ADD node_modules/indent-string
512 silly ADD node_modules/@types/jest
513 silly ADD node_modules/@types/jest/node_modules/has-flag
514 silly ADD node_modules/@types/jest/node_modules/react-is
515 silly ADD node_modules/@types/jest/node_modules/@types/yargs
516 silly ADD node_modules/@types/jest/node_modules/@jest/schemas
517 silly ADD node_modules/@types/jest/node_modules/@jest/types
518 silly ADD node_modules/@types/jest/node_modules/diff-sequences
519 silly ADD node_modules/@types/jest/node_modules/color-name
520 silly ADD node_modules/@types/jest/node_modules/color-convert
521 silly ADD node_modules/@types/jest/node_modules/supports-color
522 silly ADD node_modules/@types/jest/node_modules/ansi-styles
523 silly ADD node_modules/@types/jest/node_modules/jest-diff
524 silly ADD node_modules/@types/jest/node_modules/chalk
525 silly ADD node_modules/@types/jest/node_modules/jest-util
526 silly ADD node_modules/@types/jest/node_modules/jest-message-util
527 silly ADD node_modules/@types/jest/node_modules/jest-matcher-utils
528 silly ADD node_modules/@types/jest/node_modules/jest-get-type
529 silly ADD node_modules/@types/jest/node_modules/pretty-format
530 silly ADD node_modules/@types/jest/node_modules/pretty-format/node_modules/ansi-styles
531 silly ADD node_modules/@types/jest/node_modules/expect
532 silly ADD node_modules/csstype
533 silly ADD node_modules/@types/scheduler
534 silly ADD node_modules/@types/prop-types
535 silly ADD node_modules/@types/react
536 silly ADD node_modules/@types/react-dom
537 silly ADD node_modules/redent
538 silly ADD node_modules/css.escape
539 silly ADD node_modules/@types/testing-library__jest-dom
540 silly ADD node_modules/@adobe/css-tools
541 silly ADD node_modules/lz-string
542 silly ADD node_modules/dom-accessibility-api
543 silly ADD node_modules/@types/aria-query
544 silly ADD node_modules/web-vitals
545 silly ADD node_modules/@testing-library/dom
546 silly ADD node_modules/@testing-library/dom/node_modules/has-flag
547 silly ADD node_modules/@testing-library/dom/node_modules/color-name
548 silly ADD node_modules/@testing-library/dom/node_modules/color-convert
549 silly ADD node_modules/@testing-library/dom/node_modules/supports-color
550 silly ADD node_modules/@testing-library/dom/node_modules/ansi-styles
551 silly ADD node_modules/@testing-library/dom/node_modules/chalk
552 silly ADD node_modules/@testing-library/dom/node_modules/aria-query
553 silly ADD node_modules/@testing-library/user-event
554 silly ADD node_modules/@testing-library/react
555 silly ADD node_modules/@testing-library/jest-dom
556 silly ADD node_modules/@testing-library/jest-dom/node_modules/has-flag
557 silly ADD node_modules/@testing-library/jest-dom/node_modules/color-name
558 silly ADD node_modules/@testing-library/jest-dom/node_modules/color-convert
559 silly ADD node_modules/@testing-library/jest-dom/node_modules/supports-color
560 silly ADD node_modules/@testing-library/jest-dom/node_modules/ansi-styles
561 silly ADD node_modules/@testing-library/jest-dom/node_modules/chalk
562 silly ADD node_modules/@testing-library/jest-dom/node_modules/aria-query
563 silly ADD
564 timing command:install Completed in 6401ms
565 verbose exit 0
566 timing npm Completed in 6658ms
567 info ok
